create folder: results
create folder: Simulink
Processing SimulinkWrapper model: SimulinkWrapper...
Checking for invalid object names...
Visiting block controller.
Visiting block proportionalGain.
Visiting block Kp.
Visiting block Sum.
Checking for port numbers...
Visiting block controller.
Visiting block proportionalGain.
Visiting block Kp.
Visiting block Sum.
Checking for port data type objects...
Visiting block controller.
Visiting block proportionalGain.
Visiting block Kp.
Visiting block Sum.
create folder: SimulinkWrapper
******Start model transformation(SF_CodeGen) for SimulinkWrapper model: SimulinkWrapper******
******End model transformation(SF_CodeGen)******
******Start model transformation(SL_CodeGen) for SignalFlow model: SimulinkWrapper******
TL_0
GetProject_5
CheckPorts_5584
CheckPortTypes_5630
GetSubsystems_1159
GetSubSystems_115e
CheckAllPorts_5639
FilterInstances_563c
NotAnInstanceTest_5641
NotAnInstance_564d
CheckPorts_5665
GetPorts_56d5
CheckPort_566a
PortHasType_5685
PortHasType_5685
PortHasType_5685
ChartFilter_570c
Block_571a
IsSubsystem_5737
GetSubBlocks_574c
FilterInstances_563c
NotAnInstanceTest_5641
NotAnInstance_564d
CheckPorts_5665
GetPorts_56d5
CheckPort_566a
PortHasType_5685
PortHasType_5685
PortHasType_5685
ChartFilter_570c
Block_571a
IsSubsystem_5737
GetSubBlocks_574c
FilterInstances_563c
NotAnInstanceTest_5641
NotAnInstance_564d
NotAnInstance_564d
CheckPorts_5665
GetPorts_56d5
CheckPort_566a
PortHasType_5685
PortHasType_5685
PortHasType_5685
PortHasType_5685
PortHasType_5685
ChartFilter_570c
Block_571a
IsSubsystem_5737
Block_571a
IsSubsystem_5737
CheckError_558d
CheckError_55c1
NoError_55dc
CreateTypes_26
GetTypes_564
GetContainer_56d
GetTypes_595
GetTypes_NonLib_59e
GetTypes_Lib_5ce
CreateTypesInner_2f
StructOrMatrix_6c
IsStruct_87
IsMatrix_ac
CreateArrayOrBasicType_d1
DimensionTest_d6
Scalar_f5
ProcessScalar_168
GetBasicType_173
BasicTypeExists_18e
Otherwise_1ba
CreateBasicType_20f
RegisterType_4e7
MakeAssoc_4ca
MakeClasses_117d
GetBlocks_52ee
GetSubSystems_52f7
CreateAllPrograms_1186
CreateProgramsTopLevel_1c42
HasClassFilter_1c59
SubsystemHasClass_1c74
NoClass_1c9b
CreateProgramClass_1cc0
CreateClasses_1738
CopyClass_1875
CopyClass_187e
GetSubSubsystems_173f
SubsystemFilter_17aa
HasClass_17cf
IsStateChart_17f6
IsSFStateChart_1823
Otherwise_1850
CreateClass_1787
CopyClass_1875
CopyClass_187e
GetSubSubsystems_173f
CreateFunctionsAndArgs_118b
SubsystemFilter_10d1
SubsystemFilter_10da
IsStateChart_10ec
IsSFStateChart_1109
IsInstance_1122
Otherwise_1138
CreateFunctions_1595
MakeArguments_1303
Trigs_1465
CreateTriggerPortArgs_146e
Actions_130a
CreateTriggerPortArgs_1313
Inputs_149e
CreateInputPortArgs_14a7
UpdateArgCount_14d5
AssignType_133d
AssignType_1342
Outputs_1512
CreateOutputPortArgs_151b
MainArgCount_1549
AssignType_133d
AssignType_1342
ZeroUnconOutputs_1370
GetOutputPorts_1398
OutPortConnected_13c1
Connected_line_13e0
GetSubSubsystems_10b1
GetSubSubsystems_10b6
SubsystemFilter_10d1
SubsystemFilter_10da
IsStateChart_10ec
IsSFStateChart_1109
IsInstance_1122
Otherwise_1138
CreateFunctions_1595
MakeArguments_1303
Trigs_1465
CreateTriggerPortArgs_146e
Actions_130a
CreateTriggerPortArgs_1313
Inputs_149e
CreateInputPortArgs_14a7
UpdateArgCount_14d5
AssignType_133d
AssignType_1342
Outputs_1512
CreateOutputPortArgs_151b
MainArgCount_1549
AssignType_133d
AssignType_1342
ZeroUnconOutputs_1370
GetOutputPorts_1398
OutPortConnected_13c1
Connected_line_13e0
GetSubSubsystems_10b1
GetSubSubsystems_10b6
CreateFunctionLocalVars_18eb
SubsystemFilter_10d1
SubsystemFilter_10da
IsStateChart_10ec
IsSFStateChart_1109
IsInstance_1122
Otherwise_1138
GetFunctions_1c12
GetFunctions_1c19
CreateOutPortLVs_1a65
GetChildOutPorts_1b5b
OutPortFilter_1b88
OutPortTest_1b95
OutPort2OutPort_1bb0
GetOutArgs_1a6e
BindToArg_1a8e
OutputArgTest_1ac8
OutPortArg_1ae3
Otherwise_1b0a
BindToArg_1aa1
CreateInPortLVs_18f0
GetChildInPorts_1a28
InPortFilter_1978
InPortTest_1989
InPort2InPort_19a8
InPort2InPort_19a8
GetInArgs_192e
GetSubSubsystems_10b1
GetSubSubsystems_10b6
SubsystemFilter_10d1
SubsystemFilter_10da
IsStateChart_10ec
IsSFStateChart_1109
IsInstance_1122
Otherwise_1138
GetFunctions_1c12
GetFunctions_1c19
CreateOutPortLVs_1a65
GetChildOutPorts_1b5b
OutPortFilter_1b88
OutPortTest_1b95
OutPort2OutPort_1bb0
OutPort2OutPort_1bb0
Otherwise_1bdc
GetOutArgs_1a6e
BindToArg_1a8e
OutputArgTest_1ac8
OutPortArg_1ae3
Otherwise_1b0a
BindToArg_1aa1
CreateLocalVars_1b35
CreateInPortLVs_18f0
GetChildInPorts_1a28
InPortFilter_1978
InPortTest_1989
InPort2InPort_19a8
OutPort2InPort_19d4
InPort2InPort_19a8
InPort2InPort_19a8
GetLocalVars_1914
GetInArgs_192e
GetSubSubsystems_10b1
GetSubSubsystems_10b6
CreateSigFlowsR_1cee
SubsystemFilter_10d1
SubsystemFilter_10da
IsStateChart_10ec
IsSFStateChart_1109
IsInstance_1122
Otherwise_1138
GetFunctions_1c12
GetFunctions_1c19
CreateTSB_1cf1
PassThroughs_1cf8
PassThroughs_1d01
DoTopologicalSort_1d64
CreatePreDelayExec_1d85
GetDelayBlocks_1d8e
GetSortedBlocks_1d37
CreateBlockExecution_1de2
TestChildBlock_1e02
IsChart_1e36
IsSFChart_1e73
IsSubsystem_1eac
SubsystemChildBlock_1f16
MakeTrigger_1f9f
IsTriggered_1fac
HasTriggers_1fda
HasActionPort_2013
Otherwise_204c
CreateMethodCall_1f1d
CreateFunctionCallArgs_1f61
MakeArgDeclRef_2cf5
CheckSigSrc_2d28
IsTrigger_2d50
Otherwise_2d85
IsTrigger_2d50
Otherwise_2d85
IsTrigger_2d50
Otherwise_2d85
InpArgVal_2dba
GetSubSubsystems_10b1
GetSubSubsystems_10b6
SubsystemFilter_10d1
SubsystemFilter_10da
IsStateChart_10ec
IsSFStateChart_1109
IsInstance_1122
Otherwise_1138
GetFunctions_1c12
GetFunctions_1c19
CreateTSB_1cf1
PassThroughs_1cf8
PassThroughs_1d01
DoTopologicalSort_1d64
CreatePreDelayExec_1d85
GetDelayBlocks_1d8e
GetSortedBlocks_1d37
CreateBlockExecution_1de2
TestChildBlock_1e02
IsChart_1e36
IsSFChart_1e73
IsSubsystem_1eac
Otherwise_1ee1
PrimitiveChildBlock_2e02
CreateCGCall_2e07
InitEBCall_2e10
GetSortedOutPorts_2e2f
ListOutPorts_2e61
MapParams_2e4c
GetInputs_2e80
ProcessMerge_2e83
GetMergeBlocks_2e88
MergeBlocksOnly_2e94
GetInputPorts_2edd
GetSortedInPorts_2eff
ListInPorts_2ee0
CallCG_2f31
SetupIfVar_2f52
GetIfAndSwitchCaseBlocks_2fc3
Case_2fda
TestChildBlock_1e02
IsChart_1e36
IsSFChart_1e73
IsSubsystem_1eac
Otherwise_1ee1
PrimitiveChildBlock_2e02
CreateCGCall_2e07
InitEBCall_2e10
GetSortedOutPorts_2e2f
ListOutPorts_2e61
MapParams_2e4c
GetInputs_2e80
ProcessMerge_2e83
GetMergeBlocks_2e88
MergeBlocksOnly_2e94
GetInputPorts_2edd
GetSortedInPorts_2eff
ListInPorts_2ee0
CallCG_2f31
SetupIfVar_2f52
GetIfAndSwitchCaseBlocks_2fc3
Case_2fda
GetSubSubsystems_10b1
GetSubSubsystems_10b6
FinishClasses_5329
GetClasses_5332
AssignToOutArgs_5535
IdenticalOutArgs_553a
FinalizeContext_5458
GetAllMethodCalls_53a0
GetClassFunctions_541b
GetSubCompounds_53e2
GetMethodCalls_53a9
GetCalleeObject_5506
AddMembers_545d
ContextTest_5470
CallerStructHasMember_548b
Otherwise_54b7
AddContextMember_54dc
AddContextArgs_534f
GetAllMethodCalls_53a0
GetClassFunctions_541b
GetSubCompounds_53e2
GetMethodCalls_53a9
GetContextArg_537f
AddArgValExprs_5352
MergeClasses_619
MergeClasses_622
MakeEquivalence_627
GetClasses_654
OneClassAtATime_671
ClassFilter_bf5
SimpleStructFilter_bfa
Marked_c0c
ComplexStruct1_c22
ComplexStruct2_c49
SimpleStruct_c70
MergeClasses_67b
TestEquivalence_93d
TestDataMembers_949
GetMembers_a86
CheckMethods_ab9
GetMainFunctionArgs_abe
ElimEquiv_680
GetEquivalence_68a
GetNextLevelClasses_bd2
ClassFilter_bf5
SimpleStructFilter_bfa
Marked_c0c
ComplexStruct1_c22
ComplexStruct2_c49
SimpleStruct_c70
MergeClasses_67b
TestEquivalence_93d
TestDataMembers_949
GetMembers_a86
CheckMethods_ab9
GetMainFunctionArgs_abe
ElimEquiv_680
GetEquivalence_68a
GetNextLevelClasses_bd2
OneClassAtATime_671
ClassFilter_bf5
SimpleStructFilter_bfa
Marked_c0c
ComplexStruct1_c22
ComplexStruct2_c49
SimpleStruct_c70
MergeClasses_67b
TestEquivalence_93d
TestDataMembers_949
GetMembers_a86
CheckMethods_ab9
GetMainFunctionArgs_abe
ElimEquiv_680
GetEquivalence_68a
GetNextLevelClasses_bd2
ElimRedundantClasses_c95
GetClasses_c9a
RedundancyTest_cb7
NegStatementCount_cc3
NegStatementCount_cc3
Constructors_cf4
GetSubsystems_1159
GetSubSystems_115e
MakeAllConstructors_cfd
SubsystemFilter_10d1
SubsystemFilter_10da
IsStateChart_10ec
IsSFStateChart_1109
IsInstance_1122
Otherwise_1138
MakeConstructors_d5a
CreateInitFunction_105a
InitParameters_d5f
InitDirectParameters_1005
InitDirectParameter_1012
InitPrimitiveParameters_db6
GetStructMembers_dec
Test_e25
MemberHasParameter_e53
StructMember_e95
InitPrimPseudoParams_d6a
InitPrimPseudoParam_d77
InitTriggerVars_f48
InitMatrixTrigger_fa3
InitMatrixTrigger_fb0
InitStructTrigger_f4f
InitStructTrigger_f56
InitSubSubsystem_d24
GetSubSubsystems_10b1
GetSubSubsystems_10b6
SubsystemFilter_10d1
SubsystemFilter_10da
IsStateChart_10ec
IsSFStateChart_1109
IsInstance_1122
Otherwise_1138
MakeConstructors_d5a
CreateInitFunction_105a
InitParameters_d5f
InitDirectParameters_1005
InitDirectParameter_1012
InitPrimitiveParameters_db6
GetStructMembers_dec
Test_e25
MemberHasParameter_e53
InitPrimitiveParameter_f02
InitPrimPseudoParams_d6a
InitPrimPseudoParam_d77
InitTriggerVars_f48
InitMatrixTrigger_fa3
InitMatrixTrigger_fb0
InitStructTrigger_f4f
InitStructTrigger_f56
InitSubSubsystem_d24
GetSubSubsystems_10b1
GetSubSubsystems_10b6
******End model transformation(SL_CodeGen)******
generated source files: 
		controller_sl.c
		controller_sl.h
		cycle_graph.dot
		cycle_graph.log
		SimulinkWrapper_SLC.xml
generated fmu files: 
		controller_Description.xml
		controller_fmu.c
generated Modelica files: 
		SimulinkWrapper_wrapper.h
		SimulinkWrapper_wrapper.c
		SimulinkWrapper.vcxproj
		SimulinkWrapper.vcxproj.filters
		SimulinkWrapper.sln
Build SimulinkWrapper static library
SimulinkWrapper.lib fails.
VCExpress.exe SimulinkWrapper.sln /build Release /project SimulinkWrapper.vcxproj /projectconfig Release failed
